[2021-04-25 21:04:06,246] {taskinstance.py:877} INFO - Dependencies all met for <TaskInstance: customer_360_pipeline.watch_for_orders 2021-04-25T15:21:57.584583+00:00 [queued]>
[2021-04-25 21:04:06,252] {taskinstance.py:877} INFO - Dependencies all met for <TaskInstance: customer_360_pipeline.watch_for_orders 2021-04-25T15:21:57.584583+00:00 [queued]>
[2021-04-25 21:04:06,252] {taskinstance.py:1068} INFO - 
--------------------------------------------------------------------------------
[2021-04-25 21:04:06,252] {taskinstance.py:1069} INFO - Starting attempt 2 of 13
[2021-04-25 21:04:06,252] {taskinstance.py:1070} INFO - 
--------------------------------------------------------------------------------
[2021-04-25 21:04:06,330] {taskinstance.py:1089} INFO - Executing <Task(HttpSensor): watch_for_orders> on 2021-04-25T15:21:57.584583+00:00
[2021-04-25 21:04:06,332] {standard_task_runner.py:52} INFO - Started process 14938 to run task
[2021-04-25 21:04:06,336] {standard_task_runner.py:76} INFO - Running: ['airflow', 'tasks', 'run', 'customer_360_pipeline', 'watch_for_orders', '2021-04-25T15:21:57.584583+00:00', '--job-id', '6', '--pool', 'default_pool', '--raw', '--subdir', 'DAGS_FOLDER/sensor.py', '--cfg-path', '/tmp/tmpfyejzm7p', '--error-file', '/tmp/tmpij15ilck']
[2021-04-25 21:04:06,338] {standard_task_runner.py:77} INFO - Job 6: Subtask watch_for_orders
[2021-04-25 21:04:06,430] {logging_mixin.py:104} INFO - Running <TaskInstance: customer_360_pipeline.watch_for_orders 2021-04-25T15:21:57.584583+00:00 [running]> on host gaurav-MS-7B84
[2021-04-25 21:04:06,447] {taskinstance.py:1283} INFO - Exporting the following env vars:
AIRFLOW_CTX_DAG_OWNER=airflow
AIRFLOW_CTX_DAG_ID=customer_360_pipeline
AIRFLOW_CTX_TASK_ID=watch_for_orders
AIRFLOW_CTX_EXECUTION_DATE=2021-04-25T15:21:57.584583+00:00
AIRFLOW_CTX_DAG_RUN_ID=manual__2021-04-25T15:21:57.584583+00:00
[2021-04-25 21:04:06,447] {http.py:102} INFO - Poking: orders.csv
[2021-04-25 21:04:06,451] {base.py:78} INFO - Using connection to: id: order_s3. Host: trendytech-bigdata.s3.ap-south-1.amazonaws.com, Port: None, Schema: https, Login: , Password: None, extra: None
[2021-04-25 21:04:06,452] {http.py:140} INFO - Sending 'GET' to url: https://trendytech-bigdata.s3.ap-south-1.amazonaws.com/orders.csv
[2021-04-25 21:04:09,274] {base.py:245} INFO - Success criteria met. Exiting.
[2021-04-25 21:04:09,278] {taskinstance.py:1192} INFO - Marking task as SUCCESS. dag_id=customer_360_pipeline, task_id=watch_for_orders, execution_date=20210425T152157, start_date=20210425T153406, end_date=20210425T153409
[2021-04-25 21:04:09,436] {local_task_job.py:146} INFO - Task exited with return code 1
