[2021-04-25 21:03:51,663] {taskinstance.py:877} INFO - Dependencies all met for <TaskInstance: customer_360_pipeline.watch_for_orders 2021-04-25T15:33:49.777593+00:00 [queued]>
[2021-04-25 21:03:51,671] {taskinstance.py:877} INFO - Dependencies all met for <TaskInstance: customer_360_pipeline.watch_for_orders 2021-04-25T15:33:49.777593+00:00 [queued]>
[2021-04-25 21:03:51,671] {taskinstance.py:1068} INFO - 
--------------------------------------------------------------------------------
[2021-04-25 21:03:51,671] {taskinstance.py:1069} INFO - Starting attempt 1 of 13
[2021-04-25 21:03:51,671] {taskinstance.py:1070} INFO - 
--------------------------------------------------------------------------------
[2021-04-25 21:03:51,761] {taskinstance.py:1089} INFO - Executing <Task(HttpSensor): watch_for_orders> on 2021-04-25T15:33:49.777593+00:00
[2021-04-25 21:03:51,763] {standard_task_runner.py:52} INFO - Started process 14917 to run task
[2021-04-25 21:03:51,766] {standard_task_runner.py:76} INFO - Running: ['airflow', 'tasks', 'run', 'customer_360_pipeline', 'watch_for_orders', '2021-04-25T15:33:49.777593+00:00', '--job-id', '4', '--pool', 'default_pool', '--raw', '--subdir', 'DAGS_FOLDER/sensor.py', '--cfg-path', '/tmp/tmpd97tzzi4', '--error-file', '/tmp/tmp87kqypec']
[2021-04-25 21:03:51,767] {standard_task_runner.py:77} INFO - Job 4: Subtask watch_for_orders
[2021-04-25 21:03:51,860] {logging_mixin.py:104} INFO - Running <TaskInstance: customer_360_pipeline.watch_for_orders 2021-04-25T15:33:49.777593+00:00 [running]> on host gaurav-MS-7B84
[2021-04-25 21:03:52,129] {taskinstance.py:1283} INFO - Exporting the following env vars:
AIRFLOW_CTX_DAG_OWNER=airflow
AIRFLOW_CTX_DAG_ID=customer_360_pipeline
AIRFLOW_CTX_TASK_ID=watch_for_orders
AIRFLOW_CTX_EXECUTION_DATE=2021-04-25T15:33:49.777593+00:00
AIRFLOW_CTX_DAG_RUN_ID=manual__2021-04-25T15:33:49.777593+00:00
[2021-04-25 21:03:52,130] {http.py:102} INFO - Poking: orders.csv
[2021-04-25 21:03:52,135] {base.py:78} INFO - Using connection to: id: order_s3. Host: trendytech-bigdata.s3.ap-south-1.amazonaws.com, Port: None, Schema: https, Login: , Password: None, extra: None
[2021-04-25 21:03:52,137] {http.py:140} INFO - Sending 'GET' to url: https://trendytech-bigdata.s3.ap-south-1.amazonaws.com/orders.csv
[2021-04-25 21:03:52,710] {base.py:245} INFO - Success criteria met. Exiting.
[2021-04-25 21:03:52,714] {taskinstance.py:1192} INFO - Marking task as SUCCESS. dag_id=customer_360_pipeline, task_id=watch_for_orders, execution_date=20210425T153349, start_date=20210425T153351, end_date=20210425T153352
[2021-04-25 21:03:52,942] {local_task_job.py:146} INFO - Task exited with return code 1
